# JRE version: Java(TM) SE Runtime Environment (8.0_131-b11) (build 1.8.0_131-b11)
# Java VM: Java HotSpot(TM) 64-Bit Server VM (25.131-b11 mixed mode windows-amd64 compressed oops)
Heap:
 PSYoungGen      total 144896K, used 12789K [0x00000000d6000000, 0x00000000e0300000, 0x0000000100000000)
  eden space 132096K, 0% used [0x00000000d6000000,0x00000000d6000000,0x00000000de100000)
  from space 12800K, 99% used [0x00000000def00000,0x00000000dfb7d4d0,0x00000000dfb80000)
  to   space 14336K, 0% used [0x00000000de100000,0x00000000de100000,0x00000000def00000)
 ParOldGen       total 60928K, used 13348K [0x0000000082000000, 0x0000000085b80000, 0x00000000d6000000)
  object space 60928K, 21% used [0x0000000082000000,0x0000000082d09130,0x0000000085b80000)
 Metaspace       used 34877K, capacity 35182K, committed 35456K, reserved 1081344K
  class space    used 4245K, capacity 4356K, committed 4480K, reserved 1048576K
GC Heap History (10 events):
Event: 2.410 GC heap after
Heap after GC invocations=5 (full 1):
 PSYoungGen      total 70656K, used 0K [0x00000000d6000000, 0x00000000daa00000, 0x0000000100000000)
  eden space 65536K, 0% used [0x00000000d6000000,0x00000000d6000000,0x00000000da000000)
  from space 5120K, 0% used [0x00000000da500000,0x00000000da500000,0x00000000daa00000)
  to   space 5120K, 0% used [0x00000000da000000,0x00000000da000000,0x00000000da500000)
 ParOldGen       total 60928K, used 7622K [0x0000000082000000, 0x0000000085b80000, 0x00000000d6000000)
  object space 60928K, 12% used [0x0000000082000000,0x00000000827719c0,0x0000000085b80000)
 Metaspace       used 20915K, capacity 21120K, committed 21296K, reserved 1069056K
  class space    used 2501K, capacity 2599K, committed 2688K, reserved 1048576K
}
Event: 3.310 GC heap before
{Heap before GC invocations=6 (full 1):
 PSYoungGen      total 70656K, used 65536K [0x00000000d6000000, 0x00000000daa00000, 0x0000000100000000)
  eden space 65536K, 100% used [0x00000000d6000000,0x00000000da000000,0x00000000da000000)
  from space 5120K, 0% used [0x00000000da500000,0x00000000da500000,0x00000000daa00000)
  to   space 5120K, 0% used [0x00000000da000000,0x00000000da000000,0x00000000da500000)
 ParOldGen       total 60928K, used 7622K [0x0000000082000000, 0x0000000085b80000, 0x00000000d6000000)
  object space 60928K, 12% used [0x0000000082000000,0x00000000827719c0,0x0000000085b80000)
 Metaspace       used 23856K, capacity 24144K, committed 24320K, reserved 1071104K
  class space    used 2914K, capacity 3023K, committed 3072K, reserved 1048576K
Event: 3.319 GC heap after
Heap after GC invocations=6 (full 1):
 PSYoungGen      total 70656K, used 5108K [0x00000000d6000000, 0x00000000dd000000, 0x0000000100000000)
  eden space 65536K, 0% used [0x00000000d6000000,0x00000000d6000000,0x00000000da000000)
  from space 5120K, 99% used [0x00000000da000000,0x00000000da4fd328,0x00000000da500000)
  to   space 9216K, 0% used [0x00000000dc700000,0x00000000dc700000,0x00000000dd000000)
 ParOldGen       total 60928K, used 8255K [0x0000000082000000, 0x0000000085b80000, 0x00000000d6000000)
  object space 60928K, 13% used [0x0000000082000000,0x000000008280fce0,0x0000000085b80000)
 Metaspace       used 23856K, capacity 24144K, committed 24320K, reserved 1071104K
  class space    used 2914K, capacity 3023K, committed 3072K, reserved 1048576K
}
Event: 4.468 GC heap before
{Heap before GC invocations=7 (full 1):
 PSYoungGen      total 70656K, used 70644K [0x00000000d6000000, 0x00000000dd000000, 0x0000000100000000)
  eden space 65536K, 100% used [0x00000000d6000000,0x00000000da000000,0x00000000da000000)
  from space 5120K, 99% used [0x00000000da000000,0x00000000da4fd328,0x00000000da500000)
  to   space 9216K, 0% used [0x00000000dc700000,0x00000000dc700000,0x00000000dd000000)
 ParOldGen       total 60928K, used 8255K [0x0000000082000000, 0x0000000085b80000, 0x00000000d6000000)
  object space 60928K, 13% used [0x0000000082000000,0x000000008280fce0,0x0000000085b80000)
 Metaspace       used 27446K, capacity 27792K, committed 28032K, reserved 1073152K
  class space    used 3369K, capacity 3455K, committed 3456K, reserved 1048576K
Event: 4.478 GC heap after
Heap after GC invocations=7 (full 1):
 PSYoungGen      total 101376K, used 7255K [0x00000000d6000000, 0x00000000dce80000, 0x0000000100000000)
  eden space 93696K, 0% used [0x00000000d6000000,0x00000000d6000000,0x00000000dbb80000)
  from space 7680K, 94% used [0x00000000dc700000,0x00000000dce15d28,0x00000000dce80000)
  to   space 9216K, 0% used [0x00000000dbc80000,0x00000000dbc80000,0x00000000dc580000)
 ParOldGen       total 60928K, used 8263K [0x0000000082000000, 0x0000000085b80000, 0x00000000d6000000)
  object space 60928K, 13% used [0x0000000082000000,0x0000000082811ce0,0x0000000085b80000)
 Metaspace       used 27446K, capacity 27792K, committed 28032K, reserved 1073152K
  class space    used 3369K, capacity 3455K, committed 3456K, reserved 1048576K
}
Event: 5.616 GC heap before
{Heap before GC invocations=8 (full 1):
 PSYoungGen      total 101376K, used 100951K [0x00000000d6000000, 0x00000000dce80000, 0x0000000100000000)
  eden space 93696K, 100% used [0x00000000d6000000,0x00000000dbb80000,0x00000000dbb80000)
  from space 7680K, 94% used [0x00000000dc700000,0x00000000dce15d28,0x00000000dce80000)
  to   space 9216K, 0% used [0x00000000dbc80000,0x00000000dbc80000,0x00000000dc580000)
 ParOldGen       total 60928K, used 8263K [0x0000000082000000, 0x0000000085b80000, 0x00000000d6000000)
  object space 60928K, 13% used [0x0000000082000000,0x0000000082811ce0,0x0000000085b80000)
 Metaspace       used 31000K, capacity 31286K, committed 31616K, reserved 1077248K
  class space    used 3831K, capacity 3936K, committed 3968K, reserved 1048576K
Event: 5.633 GC heap after
Heap after GC invocations=8 (full 1):
 PSYoungGen      total 103936K, used 9188K [0x00000000d6000000, 0x00000000dfb80000, 0x0000000100000000)
  eden space 94720K, 0% used [0x00000000d6000000,0x00000000d6000000,0x00000000dbc80000)
  from space 9216K, 99% used [0x00000000dbc80000,0x00000000dc5793e0,0x00000000dc580000)
  to   space 12800K, 0% used [0x00000000def00000,0x00000000def00000,0x00000000dfb80000)
 ParOldGen       total 60928K, used 13114K [0x0000000082000000, 0x0000000085b80000, 0x00000000d6000000)
  object space 60928K, 21% used [0x0000000082000000,0x0000000082cce960,0x0000000085b80000)
 Metaspace       used 31000K, capacity 31286K, committed 31616K, reserved 1077248K
  class space    used 3831K, capacity 3936K, committed 3968K, reserved 1048576K
}
Event: 6.152 GC heap before
{Heap before GC invocations=9 (full 1):
 PSYoungGen      total 103936K, used 58755K [0x00000000d6000000, 0x00000000dfb80000, 0x0000000100000000)
  eden space 94720K, 52% used [0x00000000d6000000,0x00000000d9067848,0x00000000dbc80000)
  from space 9216K, 99% used [0x00000000dbc80000,0x00000000dc5793e0,0x00000000dc580000)
  to   space 12800K, 0% used [0x00000000def00000,0x00000000def00000,0x00000000dfb80000)
 ParOldGen       total 60928K, used 13114K [0x0000000082000000, 0x0000000085b80000, 0x00000000d6000000)
  object space 60928K, 21% used [0x0000000082000000,0x0000000082cce960,0x0000000085b80000)
 Metaspace       used 34877K, capacity 35182K, committed 35456K, reserved 1081344K
  class space    used 4245K, capacity 4356K, committed 4480K, reserved 1048576K
Event: 6.165 GC heap after
Heap after GC invocations=9 (full 1):
 PSYoungGen      total 144896K, used 12789K [0x00000000d6000000, 0x00000000e0300000, 0x0000000100000000)
  eden space 132096K, 0% used [0x00000000d6000000,0x00000000d6000000,0x00000000de100000)
  from space 12800K, 99% used [0x00000000def00000,0x00000000dfb7d4d0,0x00000000dfb80000)
  to   space 14336K, 0% used [0x00000000de100000,0x00000000de100000,0x00000000def00000)
 ParOldGen       total 60928K, used 13348K [0x0000000082000000, 0x0000000085b80000, 0x00000000d6000000)
  object space 60928K, 21% used [0x0000000082000000,0x0000000082d09130,0x0000000085b80000)
 Metaspace       used 34877K, capacity 35182K, committed 35456K, reserved 1081344K
  class space    used 4245K, capacity 4356K, committed 4480K, reserved 1048576K
}
Event: 6.165 GC heap before
{Heap before GC invocations=10 (full 2):
 PSYoungGen      total 144896K, used 12789K [0x00000000d6000000, 0x00000000e0300000, 0x0000000100000000)
  eden space 132096K, 0% used [0x00000000d6000000,0x00000000d6000000,0x00000000de100000)
  from space 12800K, 99% used [0x00000000def00000,0x00000000dfb7d4d0,0x00000000dfb80000)
  to   space 14336K, 0% used [0x00000000de100000,0x00000000de100000,0x00000000def00000)
 ParOldGen       total 60928K, used 13348K [0x0000000082000000, 0x0000000085b80000, 0x00000000d6000000)
  object space 60928K, 21% used [0x0000000082000000,0x0000000082d09130,0x0000000085b80000)
 Metaspace       used 34877K, capacity 35182K, committed 35456K, reserved 1081344K
  class space    used 4245K, capacity 4356K, committed 4480K, reserved 1048576K

